<?xml version="1.0" encoding="UTF-8"?>
<testsuite xmlns:xsi="http://www.w3.org/2001/XMLSchema-instance" xsi:noNamespaceSchemaLocation="https://maven.apache.org/surefire/maven-surefire-plugin/xsd/surefire-test-report.xsd" name="com.example.helloworld.db.PersonDAOTest" time="1.145" tests="3" errors="0" skipped="0" failures="0">
  <properties>
[...]
</properties>
  <testcase name="findAll" classname="com.example.helloworld.db.PersonDAOTest" time="0.17"/>
  <testcase name="handlesNullFullName" classname="com.example.helloworld.db.PersonDAOTest" time="0.073"/>
  <testcase name="createPerson" classname="com.example.helloworld.db.PersonDAOTest" time="0.068"/>
</testsuite>